# JRE version: OpenJDK Runtime Environment (8.0_252-b09) (build 1.8.0_252-8u252-b09-1~16.04-b09)
# Java VM: OpenJDK 64-Bit Server VM (25.252-b09 mixed mode linux-amd64 compressed oops)
Heap:
 PSYoungGen      total 135168K, used 4221K [0x00000000ebf80000, 0x00000000f4b80000, 0x0000000100000000)
  eden space 126976K, 0% used [0x00000000ebf80000,0x00000000ebf80000,0x00000000f3b80000)
  from space 8192K, 51% used [0x00000000f3b80000,0x00000000f3f9f708,0x00000000f4380000)
  to   space 7680K, 0% used [0x00000000f4400000,0x00000000f4400000,0x00000000f4b80000)
 ParOldGen       total 42496K, used 10046K [0x00000000c3e00000, 0x00000000c6780000, 0x00000000ebf80000)
  object space 42496K, 23% used [0x00000000c3e00000,0x00000000c47cf9e0,0x00000000c6780000)
 Metaspace       used 19910K, capacity 20744K, committed 20864K, reserved 1067008K
  class space    used 2390K, capacity 2571K, committed 2688K, reserved 1048576K
GC Heap History (10 events):
Event: 1,124 GC heap after
Heap after GC invocations=2 (full 0):
 PSYoungGen      total 34304K, used 2377K [0x00000000ebf80000, 0x00000000ee380000, 0x0000000100000000)
  eden space 31744K, 0% used [0x00000000ebf80000,0x00000000ebf80000,0x00000000ede80000)
  from space 2560K, 92% used [0x00000000ee100000,0x00000000ee3525d0,0x00000000ee380000)
  to   space 2560K, 0% used [0x00000000ede80000,0x00000000ede80000,0x00000000ee100000)
 ParOldGen       total 42496K, used 54K [0x00000000c3e00000, 0x00000000c6780000, 0x00000000ebf80000)
  object space 42496K, 0% used [0x00000000c3e00000,0x00000000c3e0db60,0x00000000c6780000)
 Metaspace       used 7367K, capacity 7558K, committed 7808K, reserved 1056768K
  class space    used 819K, capacity 887K, committed 896K, reserved 1048576K
}
Event: 1,172 GC heap before
{Heap before GC invocations=3 (full 0):
 PSYoungGen      total 34304K, used 34121K [0x00000000ebf80000, 0x00000000ee380000, 0x0000000100000000)
  eden space 31744K, 100% used [0x00000000ebf80000,0x00000000ede80000,0x00000000ede80000)
  from space 2560K, 92% used [0x00000000ee100000,0x00000000ee3525d0,0x00000000ee380000)
  to   space 2560K, 0% used [0x00000000ede80000,0x00000000ede80000,0x00000000ee100000)
 ParOldGen       total 42496K, used 54K [0x00000000c3e00000, 0x00000000c6780000, 0x00000000ebf80000)
  object space 42496K, 0% used [0x00000000c3e00000,0x00000000c3e0db60,0x00000000c6780000)
 Metaspace       used 7546K, capacity 7802K, committed 7936K, reserved 1056768K
  class space    used 842K, capacity 925K, committed 1024K, reserved 1048576K
Event: 1,176 GC heap after
Heap after GC invocations=3 (full 0):
 PSYoungGen      total 34304K, used 2534K [0x00000000ebf80000, 0x00000000f0280000, 0x0000000100000000)
  eden space 31744K, 0% used [0x00000000ebf80000,0x00000000ebf80000,0x00000000ede80000)
  from space 2560K, 98% used [0x00000000ede80000,0x00000000ee0f9938,0x00000000ee100000)
  to   space 2560K, 0% used [0x00000000f0000000,0x00000000f0000000,0x00000000f0280000)
 ParOldGen       total 42496K, used 102K [0x00000000c3e00000, 0x00000000c6780000, 0x00000000ebf80000)
  object space 42496K, 0% used [0x00000000c3e00000,0x00000000c3e19b60,0x00000000c6780000)
 Metaspace       used 7546K, capacity 7802K, committed 7936K, reserved 1056768K
  class space    used 842K, capacity 925K, committed 1024K, reserved 1048576K
}
Event: 1,550 GC heap before
{Heap before GC invocations=4 (full 0):
 PSYoungGen      total 34304K, used 34278K [0x00000000ebf80000, 0x00000000f0280000, 0x0000000100000000)
  eden space 31744K, 100% used [0x00000000ebf80000,0x00000000ede80000,0x00000000ede80000)
  from space 2560K, 98% used [0x00000000ede80000,0x00000000ee0f9938,0x00000000ee100000)
  to   space 2560K, 0% used [0x00000000f0000000,0x00000000f0000000,0x00000000f0280000)
 ParOldGen       total 42496K, used 102K [0x00000000c3e00000, 0x00000000c6780000, 0x00000000ebf80000)
  object space 42496K, 0% used [0x00000000c3e00000,0x00000000c3e19b60,0x00000000c6780000)
 Metaspace       used 12213K, capacity 12644K, committed 12800K, reserved 1060864K
  class space    used 1389K, capacity 1515K, committed 1536K, reserved 1048576K
Event: 1,557 GC heap after
Heap after GC invocations=4 (full 0):
 PSYoungGen      total 66048K, used 2544K [0x00000000ebf80000, 0x00000000f0280000, 0x0000000100000000)
  eden space 63488K, 0% used [0x00000000ebf80000,0x00000000ebf80000,0x00000000efd80000)
  from space 2560K, 99% used [0x00000000f0000000,0x00000000f027c010,0x00000000f0280000)
  to   space 2560K, 0% used [0x00000000efd80000,0x00000000efd80000,0x00000000f0000000)
 ParOldGen       total 42496K, used 2775K [0x00000000c3e00000, 0x00000000c6780000, 0x00000000ebf80000)
  object space 42496K, 6% used [0x00000000c3e00000,0x00000000c40b5e60,0x00000000c6780000)
 Metaspace       used 12213K, capacity 12644K, committed 12800K, reserved 1060864K
  class space    used 1389K, capacity 1515K, committed 1536K, reserved 1048576K
}
Event: 2,452 GC heap before
{Heap before GC invocations=5 (full 0):
 PSYoungGen      total 66048K, used 66032K [0x00000000ebf80000, 0x00000000f0280000, 0x0000000100000000)
  eden space 63488K, 100% used [0x00000000ebf80000,0x00000000efd80000,0x00000000efd80000)
  from space 2560K, 99% used [0x00000000f0000000,0x00000000f027c010,0x00000000f0280000)
  to   space 2560K, 0% used [0x00000000efd80000,0x00000000efd80000,0x00000000f0000000)
 ParOldGen       total 42496K, used 2775K [0x00000000c3e00000, 0x00000000c6780000, 0x00000000ebf80000)
  object space 42496K, 6% used [0x00000000c3e00000,0x00000000c40b5e60,0x00000000c6780000)
 Metaspace       used 18407K, capacity 19144K, committed 19328K, reserved 1067008K
  class space    used 2237K, capacity 2401K, committed 2432K, reserved 1048576K
Event: 2,466 GC heap after
Heap after GC invocations=5 (full 0):
 PSYoungGen      total 66048K, used 2542K [0x00000000ebf80000, 0x00000000f4c80000, 0x0000000100000000)
  eden space 63488K, 0% used [0x00000000ebf80000,0x00000000ebf80000,0x00000000efd80000)
  from space 2560K, 99% used [0x00000000efd80000,0x00000000efffb960,0x00000000f0000000)
  to   space 8704K, 0% used [0x00000000f4400000,0x00000000f4400000,0x00000000f4c80000)
 ParOldGen       total 42496K, used 9375K [0x00000000c3e00000, 0x00000000c6780000, 0x00000000ebf80000)
  object space 42496K, 22% used [0x00000000c3e00000,0x00000000c4727d18,0x00000000c6780000)
 Metaspace       used 18407K, capacity 19144K, committed 19328K, reserved 1067008K
  class space    used 2237K, capacity 2401K, committed 2432K, reserved 1048576K
}
Event: 3,005 GC heap before
{Heap before GC invocations=6 (full 0):
 PSYoungGen      total 66048K, used 66030K [0x00000000ebf80000, 0x00000000f4c80000, 0x0000000100000000)
  eden space 63488K, 100% used [0x00000000ebf80000,0x00000000efd80000,0x00000000efd80000)
  from space 2560K, 99% used [0x00000000efd80000,0x00000000efffb960,0x00000000f0000000)
  to   space 8704K, 0% used [0x00000000f4400000,0x00000000f4400000,0x00000000f4c80000)
 ParOldGen       total 42496K, used 9375K [0x00000000c3e00000, 0x00000000c6780000, 0x00000000ebf80000)
  object space 42496K, 22% used [0x00000000c3e00000,0x00000000c4727d18,0x00000000c6780000)
 Metaspace       used 19319K, capacity 20112K, committed 20224K, reserved 1067008K
  class space    used 2339K, capacity 2525K, committed 2560K, reserved 1048576K
Event: 3,045 GC heap after
Heap after GC invocations=6 (full 0):
 PSYoungGen      total 134656K, used 4519K [0x00000000ebf80000, 0x00000000f4b80000, 0x0000000100000000)
  eden space 126976K, 0% used [0x00000000ebf80000,0x00000000ebf80000,0x00000000f3b80000)
  from space 7680K, 58% used [0x00000000f4400000,0x00000000f4869f50,0x00000000f4b80000)
  to   space 8192K, 0% used [0x00000000f3b80000,0x00000000f3b80000,0x00000000f4380000)
 ParOldGen       total 42496K, used 9383K [0x00000000c3e00000, 0x00000000c6780000, 0x00000000ebf80000)
  object space 42496K, 22% used [0x00000000c3e00000,0x00000000c4729d18,0x00000000c6780000)
 Metaspace       used 19319K, capacity 20112K, committed 20224K, reserved 1067008K
  class space    used 2339K, capacity 2525K, committed 2560K, reserved 1048576K
}
Event: 3,367 GC heap before
{Heap before GC invocations=7 (full 0):
 PSYoungGen      total 134656K, used 131495K [0x00000000ebf80000, 0x00000000f4b80000, 0x0000000100000000)
  eden space 126976K, 100% used [0x00000000ebf80000,0x00000000f3b80000,0x00000000f3b80000)
  from space 7680K, 58% used [0x00000000f4400000,0x00000000f4869f50,0x00000000f4b80000)
  to   space 8192K, 0% used [0x00000000f3b80000,0x00000000f3b80000,0x00000000f4380000)
 ParOldGen       total 42496K, used 9383K [0x00000000c3e00000, 0x00000000c6780000, 0x00000000ebf80000)
  object space 42496K, 22% used [0x00000000c3e00000,0x00000000c4729d18,0x00000000c6780000)
 Metaspace       used 19910K, capacity 20744K, committed 20864K, reserved 1067008K
  class space    used 2390K, capacity 2571K, committed 2688K, reserved 1048576K

