# JRE version: OpenJDK Runtime Environment (8.0_252-b09) (build 1.8.0_252-8u252-b09-1~16.04-b09)
# Java VM: OpenJDK 64-Bit Server VM (25.252-b09 mixed mode linux-amd64 compressed oops)
Heap:
 PSYoungGen      total 130560K, used 2949K [0x00000000ebf80000, 0x00000000f4680000, 0x0000000100000000)
  eden space 123392K, 0% used [0x00000000ebf80000,0x00000000ebf80000,0x00000000f3800000)
  from space 7168K, 41% used [0x00000000f3800000,0x00000000f3ae1700,0x00000000f3f00000)
  to   space 6656K, 0% used [0x00000000f3f00000,0x00000000f3f00000,0x00000000f4580000)
 ParOldGen       total 42496K, used 7221K [0x00000000c3e00000, 0x00000000c6780000, 0x00000000ebf80000)
  object space 42496K, 16% used [0x00000000c3e00000,0x00000000c450d4c8,0x00000000c6780000)
 Metaspace       used 20353K, capacity 21190K, committed 21296K, reserved 1069056K
  class space    used 2453K, capacity 2648K, committed 2688K, reserved 1048576K
GC Heap History (10 events):
Event: 1,442 GC heap after
Heap after GC invocations=4 (full 0):
 PSYoungGen      total 34304K, used 2531K [0x00000000ebf80000, 0x00000000ee380000, 0x0000000100000000)
  eden space 31744K, 0% used [0x00000000ebf80000,0x00000000ebf80000,0x00000000ede80000)
  from space 2560K, 98% used [0x00000000ee100000,0x00000000ee378e90,0x00000000ee380000)
  to   space 2560K, 0% used [0x00000000ede80000,0x00000000ede80000,0x00000000ee100000)
 ParOldGen       total 42496K, used 141K [0x00000000c3e00000, 0x00000000c6780000, 0x00000000ebf80000)
  object space 42496K, 0% used [0x00000000c3e00000,0x00000000c3e237c0,0x00000000c6780000)
 Metaspace       used 7557K, capacity 7796K, committed 7936K, reserved 1056768K
  class space    used 844K, capacity 927K, committed 1024K, reserved 1048576K
}
Event: 2,182 GC heap before
{Heap before GC invocations=5 (full 0):
 PSYoungGen      total 34304K, used 34275K [0x00000000ebf80000, 0x00000000ee380000, 0x0000000100000000)
  eden space 31744K, 100% used [0x00000000ebf80000,0x00000000ede80000,0x00000000ede80000)
  from space 2560K, 98% used [0x00000000ee100000,0x00000000ee378e90,0x00000000ee380000)
  to   space 2560K, 0% used [0x00000000ede80000,0x00000000ede80000,0x00000000ee100000)
 ParOldGen       total 42496K, used 141K [0x00000000c3e00000, 0x00000000c6780000, 0x00000000ebf80000)
  object space 42496K, 0% used [0x00000000c3e00000,0x00000000c3e237c0,0x00000000c6780000)
 Metaspace       used 12212K, capacity 12718K, committed 12800K, reserved 1060864K
  class space    used 1385K, capacity 1518K, committed 1536K, reserved 1048576K
Event: 2,222 GC heap after
Heap after GC invocations=5 (full 0):
 PSYoungGen      total 34304K, used 2549K [0x00000000ebf80000, 0x00000000f0780000, 0x0000000100000000)
  eden space 31744K, 0% used [0x00000000ebf80000,0x00000000ebf80000,0x00000000ede80000)
  from space 2560K, 99% used [0x00000000ede80000,0x00000000ee0fd5b8,0x00000000ee100000)
  to   space 5120K, 0% used [0x00000000f0280000,0x00000000f0280000,0x00000000f0780000)
 ParOldGen       total 42496K, used 2802K [0x00000000c3e00000, 0x00000000c6780000, 0x00000000ebf80000)
  object space 42496K, 6% used [0x00000000c3e00000,0x00000000c40bc850,0x00000000c6780000)
 Metaspace       used 12212K, capacity 12718K, committed 12800K, reserved 1060864K
  class space    used 1385K, capacity 1518K, committed 1536K, reserved 1048576K
}
Event: 2,717 GC heap before
{Heap before GC invocations=6 (full 0):
 PSYoungGen      total 34304K, used 34293K [0x00000000ebf80000, 0x00000000f0780000, 0x0000000100000000)
  eden space 31744K, 100% used [0x00000000ebf80000,0x00000000ede80000,0x00000000ede80000)
  from space 2560K, 99% used [0x00000000ede80000,0x00000000ee0fd5b8,0x00000000ee100000)
  to   space 5120K, 0% used [0x00000000f0280000,0x00000000f0280000,0x00000000f0780000)
 ParOldGen       total 42496K, used 2802K [0x00000000c3e00000, 0x00000000c6780000, 0x00000000ebf80000)
  object space 42496K, 6% used [0x00000000c3e00000,0x00000000c40bc850,0x00000000c6780000)
 Metaspace       used 15959K, capacity 16530K, committed 16768K, reserved 1064960K
  class space    used 1907K, capacity 2050K, committed 2176K, reserved 1048576K
Event: 2,727 GC heap after
Heap after GC invocations=6 (full 0):
 PSYoungGen      total 67072K, used 5103K [0x00000000ebf80000, 0x00000000f0a80000, 0x0000000100000000)
  eden space 61952K, 0% used [0x00000000ebf80000,0x00000000ebf80000,0x00000000efc00000)
  from space 5120K, 99% used [0x00000000f0280000,0x00000000f077bc10,0x00000000f0780000)
  to   space 6656K, 0% used [0x00000000efc00000,0x00000000efc00000,0x00000000f0280000)
 ParOldGen       total 42496K, used 4217K [0x00000000c3e00000, 0x00000000c6780000, 0x00000000ebf80000)
  object space 42496K, 9% used [0x00000000c3e00000,0x00000000c421e770,0x00000000c6780000)
 Metaspace       used 15959K, capacity 16530K, committed 16768K, reserved 1064960K
  class space    used 1907K, capacity 2050K, committed 2176K, reserved 1048576K
}
Event: 3,552 GC heap before
{Heap before GC invocations=7 (full 0):
 PSYoungGen      total 67072K, used 67055K [0x00000000ebf80000, 0x00000000f0a80000, 0x0000000100000000)
  eden space 61952K, 100% used [0x00000000ebf80000,0x00000000efc00000,0x00000000efc00000)
  from space 5120K, 99% used [0x00000000f0280000,0x00000000f077bc10,0x00000000f0780000)
  to   space 6656K, 0% used [0x00000000efc00000,0x00000000efc00000,0x00000000f0280000)
 ParOldGen       total 42496K, used 4217K [0x00000000c3e00000, 0x00000000c6780000, 0x00000000ebf80000)
  object space 42496K, 9% used [0x00000000c3e00000,0x00000000c421e770,0x00000000c6780000)
 Metaspace       used 18625K, capacity 19352K, committed 19712K, reserved 1067008K
  class space    used 2254K, capacity 2433K, committed 2560K, reserved 1048576K
Event: 3,562 GC heap after
Heap after GC invocations=7 (full 0):
 PSYoungGen      total 68608K, used 4669K [0x00000000ebf80000, 0x00000000f4580000, 0x0000000100000000)
  eden space 61952K, 0% used [0x00000000ebf80000,0x00000000ebf80000,0x00000000efc00000)
  from space 6656K, 70% used [0x00000000efc00000,0x00000000f008f618,0x00000000f0280000)
  to   space 6656K, 0% used [0x00000000f3f00000,0x00000000f3f00000,0x00000000f4580000)
 ParOldGen       total 42496K, used 5612K [0x00000000c3e00000, 0x00000000c6780000, 0x00000000ebf80000)
  object space 42496K, 13% used [0x00000000c3e00000,0x00000000c437b278,0x00000000c6780000)
 Metaspace       used 18625K, capacity 19352K, committed 19712K, reserved 1067008K
  class space    used 2254K, capacity 2433K, committed 2560K, reserved 1048576K
}
Event: 4,551 GC heap before
{Heap before GC invocations=8 (full 0):
 PSYoungGen      total 68608K, used 66621K [0x00000000ebf80000, 0x00000000f4580000, 0x0000000100000000)
  eden space 61952K, 100% used [0x00000000ebf80000,0x00000000efc00000,0x00000000efc00000)
  from space 6656K, 70% used [0x00000000efc00000,0x00000000f008f618,0x00000000f0280000)
  to   space 6656K, 0% used [0x00000000f3f00000,0x00000000f3f00000,0x00000000f4580000)
 ParOldGen       total 42496K, used 5612K [0x00000000c3e00000, 0x00000000c6780000, 0x00000000ebf80000)
  object space 42496K, 13% used [0x00000000c3e00000,0x00000000c437b278,0x00000000c6780000)
 Metaspace       used 19693K, capacity 20568K, committed 20864K, reserved 1067008K
  class space    used 2373K, capacity 2563K, committed 2688K, reserved 1048576K
Event: 4,587 GC heap after
Heap after GC invocations=8 (full 0):
 PSYoungGen      total 130048K, used 5162K [0x00000000ebf80000, 0x00000000f4680000, 0x0000000100000000)
  eden space 123392K, 0% used [0x00000000ebf80000,0x00000000ebf80000,0x00000000f3800000)
  from space 6656K, 77% used [0x00000000f3f00000,0x00000000f440aa30,0x00000000f4580000)
  to   space 7168K, 0% used [0x00000000f3800000,0x00000000f3800000,0x00000000f3f00000)
 ParOldGen       total 42496K, used 5660K [0x00000000c3e00000, 0x00000000c6780000, 0x00000000ebf80000)
  object space 42496K, 13% used [0x00000000c3e00000,0x00000000c4387278,0x00000000c6780000)
 Metaspace       used 19693K, capacity 20568K, committed 20864K, reserved 1067008K
  class space    used 2373K, capacity 2563K, committed 2688K, reserved 1048576K
}
Event: 5,088 GC heap before
{Heap before GC invocations=9 (full 0):
 PSYoungGen      total 130048K, used 125542K [0x00000000ebf80000, 0x00000000f4680000, 0x0000000100000000)
  eden space 123392K, 97% used [0x00000000ebf80000,0x00000000f350f0a8,0x00000000f3800000)
  from space 6656K, 77% used [0x00000000f3f00000,0x00000000f440aa30,0x00000000f4580000)
  to   space 7168K, 0% used [0x00000000f3800000,0x00000000f3800000,0x00000000f3f00000)
 ParOldGen       total 42496K, used 5660K [0x00000000c3e00000, 0x00000000c6780000, 0x00000000ebf80000)
  object space 42496K, 13% used [0x00000000c3e00000,0x00000000c4387278,0x00000000c6780000)
 Metaspace       used 20353K, capacity 21190K, committed 21296K, reserved 1069056K
  class space    used 2453K, capacity 2648K, committed 2688K, reserved 1048576K

