# JRE version: OpenJDK Runtime Environment (8.0_252-b09) (build 1.8.0_252-8u252-b09-1~16.04-b09)
# Java VM: OpenJDK 64-Bit Server VM (25.252-b09 mixed mode linux-amd64 compressed oops)
Heap:
 PSYoungGen      total 131072K, used 2935K [0x00000000ebf80000, 0x00000000f4680000, 0x0000000100000000)
  eden space 123904K, 0% used [0x00000000ebf80000,0x00000000ebf80000,0x00000000f3880000)
  from space 7168K, 40% used [0x00000000f3880000,0x00000000f3b5dc00,0x00000000f3f80000)
  to   space 7168K, 0% used [0x00000000f3f80000,0x00000000f3f80000,0x00000000f4680000)
 ParOldGen       total 42496K, used 7266K [0x00000000c3e00000, 0x00000000c6780000, 0x00000000ebf80000)
  object space 42496K, 17% used [0x00000000c3e00000,0x00000000c4518950,0x00000000c6780000)
 Metaspace       used 20338K, capacity 21202K, committed 21296K, reserved 1069056K
  class space    used 2449K, capacity 2648K, committed 2688K, reserved 1048576K
GC Heap History (10 events):
Event: 1,281 GC heap after
Heap after GC invocations=4 (full 0):
 PSYoungGen      total 34304K, used 2534K [0x00000000ebf80000, 0x00000000ee380000, 0x0000000100000000)
  eden space 31744K, 0% used [0x00000000ebf80000,0x00000000ebf80000,0x00000000ede80000)
  from space 2560K, 98% used [0x00000000ee100000,0x00000000ee379958,0x00000000ee380000)
  to   space 2560K, 0% used [0x00000000ede80000,0x00000000ede80000,0x00000000ee100000)
 ParOldGen       total 42496K, used 202K [0x00000000c3e00000, 0x00000000c6780000, 0x00000000ebf80000)
  object space 42496K, 0% used [0x00000000c3e00000,0x00000000c3e32838,0x00000000c6780000)
 Metaspace       used 7550K, capacity 7808K, committed 7936K, reserved 1056768K
  class space    used 844K, capacity 927K, committed 1024K, reserved 1048576K
}
Event: 2,002 GC heap before
{Heap before GC invocations=5 (full 0):
 PSYoungGen      total 34304K, used 34278K [0x00000000ebf80000, 0x00000000ee380000, 0x0000000100000000)
  eden space 31744K, 100% used [0x00000000ebf80000,0x00000000ede80000,0x00000000ede80000)
  from space 2560K, 98% used [0x00000000ee100000,0x00000000ee379958,0x00000000ee380000)
  to   space 2560K, 0% used [0x00000000ede80000,0x00000000ede80000,0x00000000ee100000)
 ParOldGen       total 42496K, used 202K [0x00000000c3e00000, 0x00000000c6780000, 0x00000000ebf80000)
  object space 42496K, 0% used [0x00000000c3e00000,0x00000000c3e32838,0x00000000c6780000)
 Metaspace       used 12360K, capacity 12864K, committed 13184K, reserved 1060864K
  class space    used 1393K, capacity 1545K, committed 1664K, reserved 1048576K
Event: 2,017 GC heap after
Heap after GC invocations=5 (full 0):
 PSYoungGen      total 34304K, used 2559K [0x00000000ebf80000, 0x00000000f0780000, 0x0000000100000000)
  eden space 31744K, 0% used [0x00000000ebf80000,0x00000000ebf80000,0x00000000ede80000)
  from space 2560K, 99% used [0x00000000ede80000,0x00000000ee0ffeb0,0x00000000ee100000)
  to   space 5120K, 0% used [0x00000000f0280000,0x00000000f0280000,0x00000000f0780000)
 ParOldGen       total 42496K, used 3026K [0x00000000c3e00000, 0x00000000c6780000, 0x00000000ebf80000)
  object space 42496K, 7% used [0x00000000c3e00000,0x00000000c40f49f0,0x00000000c6780000)
 Metaspace       used 12360K, capacity 12864K, committed 13184K, reserved 1060864K
  class space    used 1393K, capacity 1545K, committed 1664K, reserved 1048576K
}
Event: 2,583 GC heap before
{Heap before GC invocations=6 (full 0):
 PSYoungGen      total 34304K, used 34303K [0x00000000ebf80000, 0x00000000f0780000, 0x0000000100000000)
  eden space 31744K, 100% used [0x00000000ebf80000,0x00000000ede80000,0x00000000ede80000)
  from space 2560K, 99% used [0x00000000ede80000,0x00000000ee0ffeb0,0x00000000ee100000)
  to   space 5120K, 0% used [0x00000000f0280000,0x00000000f0280000,0x00000000f0780000)
 ParOldGen       total 42496K, used 3026K [0x00000000c3e00000, 0x00000000c6780000, 0x00000000ebf80000)
  object space 42496K, 7% used [0x00000000c3e00000,0x00000000c40f49f0,0x00000000c6780000)
 Metaspace       used 15887K, capacity 16474K, committed 16768K, reserved 1064960K
  class space    used 1899K, capacity 2050K, committed 2176K, reserved 1048576K
Event: 2,594 GC heap after
Heap after GC invocations=6 (full 0):
 PSYoungGen      total 67072K, used 5112K [0x00000000ebf80000, 0x00000000f0a80000, 0x0000000100000000)
  eden space 61952K, 0% used [0x00000000ebf80000,0x00000000ebf80000,0x00000000efc00000)
  from space 5120K, 99% used [0x00000000f0280000,0x00000000f077e368,0x00000000f0780000)
  to   space 6656K, 0% used [0x00000000efc00000,0x00000000efc00000,0x00000000f0280000)
 ParOldGen       total 42496K, used 4266K [0x00000000c3e00000, 0x00000000c6780000, 0x00000000ebf80000)
  object space 42496K, 10% used [0x00000000c3e00000,0x00000000c422a9e0,0x00000000c6780000)
 Metaspace       used 15887K, capacity 16474K, committed 16768K, reserved 1064960K
  class space    used 1899K, capacity 2050K, committed 2176K, reserved 1048576K
}
Event: 3,328 GC heap before
{Heap before GC invocations=7 (full 0):
 PSYoungGen      total 67072K, used 67064K [0x00000000ebf80000, 0x00000000f0a80000, 0x0000000100000000)
  eden space 61952K, 100% used [0x00000000ebf80000,0x00000000efc00000,0x00000000efc00000)
  from space 5120K, 99% used [0x00000000f0280000,0x00000000f077e368,0x00000000f0780000)
  to   space 6656K, 0% used [0x00000000efc00000,0x00000000efc00000,0x00000000f0280000)
 ParOldGen       total 42496K, used 4266K [0x00000000c3e00000, 0x00000000c6780000, 0x00000000ebf80000)
  object space 42496K, 10% used [0x00000000c3e00000,0x00000000c422a9e0,0x00000000c6780000)
 Metaspace       used 18606K, capacity 19296K, committed 19456K, reserved 1067008K
  class space    used 2251K, capacity 2433K, committed 2560K, reserved 1048576K
Event: 3,345 GC heap after
Heap after GC invocations=7 (full 0):
 PSYoungGen      total 68608K, used 4691K [0x00000000ebf80000, 0x00000000f4680000, 0x0000000100000000)
  eden space 61952K, 0% used [0x00000000ebf80000,0x00000000ebf80000,0x00000000efc00000)
  from space 6656K, 70% used [0x00000000efc00000,0x00000000f0094ec8,0x00000000f0280000)
  to   space 7168K, 0% used [0x00000000f3f80000,0x00000000f3f80000,0x00000000f4680000)
 ParOldGen       total 42496K, used 5677K [0x00000000c3e00000, 0x00000000c6780000, 0x00000000ebf80000)
  object space 42496K, 13% used [0x00000000c3e00000,0x00000000c438b710,0x00000000c6780000)
 Metaspace       used 18606K, capacity 19296K, committed 19456K, reserved 1067008K
  class space    used 2251K, capacity 2433K, committed 2560K, reserved 1048576K
}
Event: 4,117 GC heap before
{Heap before GC invocations=8 (full 0):
 PSYoungGen      total 68608K, used 66643K [0x00000000ebf80000, 0x00000000f4680000, 0x0000000100000000)
  eden space 61952K, 100% used [0x00000000ebf80000,0x00000000efc00000,0x00000000efc00000)
  from space 6656K, 70% used [0x00000000efc00000,0x00000000f0094ec8,0x00000000f0280000)
  to   space 7168K, 0% used [0x00000000f3f80000,0x00000000f3f80000,0x00000000f4680000)
 ParOldGen       total 42496K, used 5677K [0x00000000c3e00000, 0x00000000c6780000, 0x00000000ebf80000)
  object space 42496K, 13% used [0x00000000c3e00000,0x00000000c438b710,0x00000000c6780000)
 Metaspace       used 19673K, capacity 20508K, committed 20864K, reserved 1067008K
  class space    used 2369K, capacity 2563K, committed 2688K, reserved 1048576K
Event: 4,150 GC heap after
Heap after GC invocations=8 (full 0):
 PSYoungGen      total 131072K, used 5177K [0x00000000ebf80000, 0x00000000f4680000, 0x0000000100000000)
  eden space 123904K, 0% used [0x00000000ebf80000,0x00000000ebf80000,0x00000000f3880000)
  from space 7168K, 72% used [0x00000000f3f80000,0x00000000f448e618,0x00000000f4680000)
  to   space 7168K, 0% used [0x00000000f3880000,0x00000000f3880000,0x00000000f3f80000)
 ParOldGen       total 42496K, used 5725K [0x00000000c3e00000, 0x00000000c6780000, 0x00000000ebf80000)
  object space 42496K, 13% used [0x00000000c3e00000,0x00000000c4397710,0x00000000c6780000)
 Metaspace       used 19673K, capacity 20508K, committed 20864K, reserved 1067008K
  class space    used 2369K, capacity 2563K, committed 2688K, reserved 1048576K
}
Event: 4,581 GC heap before
{Heap before GC invocations=9 (full 0):
 PSYoungGen      total 131072K, used 90605K [0x00000000ebf80000, 0x00000000f4680000, 0x0000000100000000)
  eden space 123904K, 68% used [0x00000000ebf80000,0x00000000f12ed0b0,0x00000000f3880000)
  from space 7168K, 72% used [0x00000000f3f80000,0x00000000f448e618,0x00000000f4680000)
  to   space 7168K, 0% used [0x00000000f3880000,0x00000000f3880000,0x00000000f3f80000)
 ParOldGen       total 42496K, used 5725K [0x00000000c3e00000, 0x00000000c6780000, 0x00000000ebf80000)
  object space 42496K, 13% used [0x00000000c3e00000,0x00000000c4397710,0x00000000c6780000)
 Metaspace       used 20338K, capacity 21202K, committed 21296K, reserved 1069056K
  class space    used 2449K, capacity 2648K, committed 2688K, reserved 1048576K

